ERROR [FileSystemManager.cpp:407] src: 拒绝访问。
DEBUG [FileSystemManager.cpp:113] focus qml file E:/workspace/qml/qml/src/main.qml
DEBUG [previewTool.cpp:86] success to connect
ERROR [previewTool.cpp:179] commands:
    s               Stop show Interface FPS Infomation.
    zoom [float]    Display zoom factor.
    help            Commands description.
    refresh         Reflash preview interface.
    fps             Launch show Interface FPS Infomation.
    clc             Clear Console.
    t [float]       Reflash interval of FPS information. Minium interval value is 1 sec.
DEBUG [FileSystemManager.cpp:134] request path E:/workspace/qml/qml/translations
DEBUG [FileSystemManager.cpp:134] request path E:/workspace
DEBUG [FileSystemManager.cpp:134] request path D:/ProgramData
DEBUG [FileSystemManager.cpp:134] request path :/main.qml
DEBUG [FileSystemManager.cpp:141] failed to import :/main.qml
DEBUG [FileSystemManager.cpp:134] request path :/i18n/qml_en_Latn_US.qm
DEBUG [FileSystemManager.cpp:134] request path :/i18n/qml_en_Latn_US
DEBUG [FileSystemManager.cpp:134] request path :/i18n/qml_en_Latn.qm
DEBUG [FileSystemManager.cpp:134] request path :/i18n/qml_en_Latn
DEBUG [FileSystemManager.cpp:134] request path :/i18n/qml_en.qm
DEBUG [FileSystemManager.cpp:134] request path :/i18n/qml_en
DEBUG [FileSystemManager.cpp:134] request path :/i18n/qml_en_latn_us.qm
DEBUG [FileSystemManager.cpp:134] request path :/i18n/qml_en_latn_us
DEBUG [FileSystemManager.cpp:134] request path :/i18n/qml_en_latn.qm
DEBUG [FileSystemManager.cpp:134] request path :/i18n/qml_en_latn
DEBUG [FileSystemManager.cpp:134] request path :/i18n/qml_en_US.qm
DEBUG [FileSystemManager.cpp:134] request path :/i18n/qml_en_US
DEBUG [FileSystemManager.cpp:134] request path :/i18n/qml_en_us.qm
DEBUG [FileSystemManager.cpp:134] request path :/i18n/qml_en_us
DEBUG [FileSystemManager.cpp:134] request path :/i18n/qml.qm
DEBUG [FileSystemManager.cpp:134] request path :/i18n/qml_
DEBUG [FileSystemManager.cpp:134] request path :/i18n/qml
DEBUG [FileSystemManager.cpp:134] request path :/+en_US
DEBUG [FileSystemManager.cpp:134] request path :/+windows
DEBUG [FileSystemManager.cpp:134] request path :/+winnt
DEBUG [FileSystemManager.cpp:134] request path :/qt/qml/QtQuick.2.0/qmldir
DEBUG [FileSystemManager.cpp:141] failed to import :/qt/qml/QtQuick.2.0/qmldir
DEBUG [FileSystemManager.cpp:134] request path :/qt/qml/QtQuick.2/qmldir
DEBUG [FileSystemManager.cpp:141] failed to import :/qt/qml/QtQuick.2/qmldir
DEBUG [FileSystemManager.cpp:134] request path :/qt/qml/QtQml.2.0/qmldir
DEBUG [FileSystemManager.cpp:141] failed to import :/qt/qml/QtQml.2.0/qmldir
DEBUG [FileSystemManager.cpp:134] request path :/qt/qml/QtQml.2/qmldir
DEBUG [FileSystemManager.cpp:141] failed to import :/qt/qml/QtQml.2/qmldir
DEBUG [FileSystemManager.cpp:134] request path :/qt/qml/QtQml/Base.2.0/qmldir
DEBUG [FileSystemManager.cpp:141] failed to import :/qt/qml/QtQml/Base.2.0/qmldir
DEBUG [FileSystemManager.cpp:134] request path :/qt/qml/QtQml.2.0/Base/qmldir
DEBUG [FileSystemManager.cpp:141] failed to import :/qt/qml/QtQml.2.0/Base/qmldir
DEBUG [FileSystemManager.cpp:134] request path :/qt/qml/QtQml/Base.2/qmldir
DEBUG [FileSystemManager.cpp:141] failed to import :/qt/qml/QtQml/Base.2/qmldir
DEBUG [FileSystemManager.cpp:134] request path :/qt/qml/QtQml.2/Base/qmldir
DEBUG [FileSystemManager.cpp:141] failed to import :/qt/qml/QtQml.2/Base/qmldir
DEBUG [FileSystemManager.cpp:134] request path :/qt/qml/QtQml/Base/qmldir
DEBUG [FileSystemManager.cpp:141] failed to import :/qt/qml/QtQml/Base/qmldir
DEBUG [FileSystemManager.cpp:134] request path :/qt/qml/QtQml/Models.2.0/qmldir
DEBUG [FileSystemManager.cpp:141] failed to import :/qt/qml/QtQml/Models.2.0/qmldir
DEBUG [FileSystemManager.cpp:134] request path :/qt/qml/QtQml.2.0/Models/qmldir
DEBUG [FileSystemManager.cpp:141] failed to import :/qt/qml/QtQml.2.0/Models/qmldir
DEBUG [FileSystemManager.cpp:134] request path :/qt/qml/QtQml/Models.2/qmldir
DEBUG [FileSystemManager.cpp:141] failed to import :/qt/qml/QtQml/Models.2/qmldir
DEBUG [FileSystemManager.cpp:134] request path :/qt/qml/QtQml.2/Models/qmldir
DEBUG [FileSystemManager.cpp:141] failed to import :/qt/qml/QtQml.2/Models/qmldir
DEBUG [FileSystemManager.cpp:134] request path :/qt/qml/QtQml/Models/qmldir
DEBUG [FileSystemManager.cpp:141] failed to import :/qt/qml/QtQml/Models/qmldir
DEBUG [FileSystemManager.cpp:134] request path :/qt/qml/QtQml/WorkerScript.2.0/qmldir
DEBUG [FileSystemManager.cpp:141] failed to import :/qt/qml/QtQml/WorkerScript.2.0/qmldir
DEBUG [FileSystemManager.cpp:134] request path :/qt/qml/QtQml.2.0/WorkerScript/qmldir
DEBUG [FileSystemManager.cpp:141] failed to import :/qt/qml/QtQml.2.0/WorkerScript/qmldir
DEBUG [FileSystemManager.cpp:134] request path :/qt/qml/QtQml/WorkerScript.2/qmldir
DEBUG [FileSystemManager.cpp:141] failed to import :/qt/qml/QtQml/WorkerScript.2/qmldir
DEBUG [FileSystemManager.cpp:134] request path :/qt/qml/QtQml.2/WorkerScript/qmldir
DEBUG [FileSystemManager.cpp:141] failed to import :/qt/qml/QtQml.2/WorkerScript/qmldir
DEBUG [FileSystemManager.cpp:134] request path :/qt/qml/QtQml/WorkerScript/qmldir
DEBUG [FileSystemManager.cpp:141] failed to import :/qt/qml/QtQml/WorkerScript/qmldir
DEBUG [FileSystemManager.cpp:134] request path :/qt/qml/QtQml/qmldir
DEBUG [FileSystemManager.cpp:141] failed to import :/qt/qml/QtQml/qmldir
DEBUG [FileSystemManager.cpp:134] request path :/qt/qml/QtQuick/qmldir
DEBUG [FileSystemManager.cpp:141] failed to import :/qt/qml/QtQuick/qmldir
DEBUG [FileSystemManager.cpp:134] request path :/qt/qml/QtQuick/Window.2.1/qmldir
DEBUG [FileSystemManager.cpp:141] failed to import :/qt/qml/QtQuick/Window.2.1/qmldir
DEBUG [FileSystemManager.cpp:134] request path :/qt/qml/QtQuick.2.1/Window/qmldir
DEBUG [FileSystemManager.cpp:141] failed to import :/qt/qml/QtQuick.2.1/Window/qmldir
DEBUG [FileSystemManager.cpp:134] request path :/qt/qml/QtQuick/Window.2/qmldir
DEBUG [FileSystemManager.cpp:141] failed to import :/qt/qml/QtQuick/Window.2/qmldir
DEBUG [FileSystemManager.cpp:134] request path :/qt/qml/QtQuick.2/Window/qmldir
DEBUG [FileSystemManager.cpp:141] failed to import :/qt/qml/QtQuick.2/Window/qmldir
DEBUG [FileSystemManager.cpp:134] request path :/qt/qml/QtQuick/Window/qmldir
DEBUG [FileSystemManager.cpp:141] failed to import :/qt/qml/QtQuick/Window/qmldir
DEBUG [FileSystemManager.cpp:134] request path :/qt/qml/QtQuick.2.1/qmldir
DEBUG [FileSystemManager.cpp:141] failed to import :/qt/qml/QtQuick.2.1/qmldir
DEBUG [FileSystemManager.cpp:134] request path :/qt/qml/QtQml.2.1/qmldir
DEBUG [FileSystemManager.cpp:141] failed to import :/qt/qml/QtQml.2.1/qmldir
DEBUG [FileSystemManager.cpp:134] request path :/qt/qml/QtQml/Base.2.1/qmldir
DEBUG [FileSystemManager.cpp:141] failed to import :/qt/qml/QtQml/Base.2.1/qmldir
DEBUG [FileSystemManager.cpp:134] request path :/qt/qml/QtQml.2.1/Base/qmldir
DEBUG [FileSystemManager.cpp:141] failed to import :/qt/qml/QtQml.2.1/Base/qmldir
DEBUG [FileSystemManager.cpp:134] request path :/qt/qml/QtQml/Models.2.1/qmldir
DEBUG [FileSystemManager.cpp:141] failed to import :/qt/qml/QtQml/Models.2.1/qmldir
DEBUG [FileSystemManager.cpp:134] request path :/qt/qml/QtQml.2.1/Models/qmldir
DEBUG [FileSystemManager.cpp:141] failed to import :/qt/qml/QtQml.2.1/Models/qmldir
DEBUG [FileSystemManager.cpp:134] request path :/qt/qml/QtQml/WorkerScript.2.1/qmldir
DEBUG [FileSystemManager.cpp:141] failed to import :/qt/qml/QtQml/WorkerScript.2.1/qmldir
DEBUG [FileSystemManager.cpp:134] request path :/qt/qml/QtQml.2.1/WorkerScript/qmldir
DEBUG [FileSystemManager.cpp:141] failed to import :/qt/qml/QtQml.2.1/WorkerScript/qmldir
DEBUG [FileSystemManager.cpp:134] request path :/qt/qml/QtQuick/Controls.2.1/qmldir
DEBUG [FileSystemManager.cpp:141] failed to import :/qt/qml/QtQuick/Controls.2.1/qmldir
DEBUG [FileSystemManager.cpp:134] request path :/qt/qml/QtQuick.2.1/Controls/qmldir
DEBUG [FileSystemManager.cpp:141] failed to import :/qt/qml/QtQuick.2.1/Controls/qmldir
DEBUG [FileSystemManager.cpp:134] request path :/qt/qml/QtQuick/Controls.2/qmldir
DEBUG [FileSystemManager.cpp:141] failed to import :/qt/qml/QtQuick/Controls.2/qmldir
DEBUG [FileSystemManager.cpp:134] request path :/qt/qml/QtQuick.2/Controls/qmldir
DEBUG [FileSystemManager.cpp:141] failed to import :/qt/qml/QtQuick.2/Controls/qmldir
DEBUG [FileSystemManager.cpp:134] request path :/qt/qml/QtQuick/Controls/qmldir
DEBUG [FileSystemManager.cpp:141] failed to import :/qt/qml/QtQuick/Controls/qmldir
DEBUG [FileSystemManager.cpp:134] request path :/qtquickcontrols2.conf
DEBUG [FileSystemManager.cpp:134] request path :/qt/qml/QtQuick/Controls/Windows.2.1/qmldir
DEBUG [FileSystemManager.cpp:141] failed to import :/qt/qml/QtQuick/Controls/Windows.2.1/qmldir
DEBUG [FileSystemManager.cpp:134] request path :/qt/qml/QtQuick/Controls.2.1/Windows/qmldir
DEBUG [FileSystemManager.cpp:141] failed to import :/qt/qml/QtQuick/Controls.2.1/Windows/qmldir
DEBUG [FileSystemManager.cpp:134] request path :/qt/qml/QtQuick.2.1/Controls/Windows/qmldir
DEBUG [FileSystemManager.cpp:141] failed to import :/qt/qml/QtQuick.2.1/Controls/Windows/qmldir
DEBUG [FileSystemManager.cpp:134] request path :/qt/qml/QtQuick/Controls/Windows.2/qmldir
DEBUG [FileSystemManager.cpp:141] failed to import :/qt/qml/QtQuick/Controls/Windows.2/qmldir
DEBUG [FileSystemManager.cpp:134] request path :/qt/qml/QtQuick/Controls.2/Windows/qmldir
DEBUG [FileSystemManager.cpp:141] failed to import :/qt/qml/QtQuick/Controls.2/Windows/qmldir
DEBUG [FileSystemManager.cpp:134] request path :/qt/qml/QtQuick.2/Controls/Windows/qmldir
DEBUG [FileSystemManager.cpp:141] failed to import :/qt/qml/QtQuick.2/Controls/Windows/qmldir
DEBUG [FileSystemManager.cpp:134] request path :/qt/qml/QtQuick/Controls/Windows/qmldir
DEBUG [FileSystemManager.cpp:141] failed to import :/qt/qml/QtQuick/Controls/Windows/qmldir
DEBUG [FileSystemManager.cpp:134] request path :/qt/qml/QtQuick/Controls/Basic.2.1/qmldir
DEBUG [FileSystemManager.cpp:141] failed to import :/qt/qml/QtQuick/Controls/Basic.2.1/qmldir
DEBUG [FileSystemManager.cpp:134] request path :/qt/qml/QtQuick/Controls.2.1/Basic/qmldir
DEBUG [FileSystemManager.cpp:141] failed to import :/qt/qml/QtQuick/Controls.2.1/Basic/qmldir
DEBUG [FileSystemManager.cpp:134] request path :/qt/qml/QtQuick.2.1/Controls/Basic/qmldir
DEBUG [FileSystemManager.cpp:141] failed to import :/qt/qml/QtQuick.2.1/Controls/Basic/qmldir
DEBUG [FileSystemManager.cpp:134] request path :/qt/qml/QtQuick/Controls/Basic.2/qmldir
DEBUG [FileSystemManager.cpp:141] failed to import :/qt/qml/QtQuick/Controls/Basic.2/qmldir
DEBUG [FileSystemManager.cpp:134] request path :/qt/qml/QtQuick/Controls.2/Basic/qmldir
DEBUG [FileSystemManager.cpp:141] failed to import :/qt/qml/QtQuick/Controls.2/Basic/qmldir
DEBUG [FileSystemManager.cpp:134] request path :/qt/qml/QtQuick.2/Controls/Basic/qmldir
DEBUG [FileSystemManager.cpp:141] failed to import :/qt/qml/QtQuick.2/Controls/Basic/qmldir
DEBUG [FileSystemManager.cpp:134] request path :/qt/qml/QtQuick/Controls/Basic/qmldir
DEBUG [FileSystemManager.cpp:141] failed to import :/qt/qml/QtQuick/Controls/Basic/qmldir
DEBUG [FileSystemManager.cpp:134] request path :/qt/qml/QtQuick/Controls/impl.2.1/qmldir
DEBUG [FileSystemManager.cpp:141] failed to import :/qt/qml/QtQuick/Controls/impl.2.1/qmldir
DEBUG [FileSystemManager.cpp:134] request path :/qt/qml/QtQuick/Controls.2.1/impl/qmldir
DEBUG [FileSystemManager.cpp:141] failed to import :/qt/qml/QtQuick/Controls.2.1/impl/qmldir
DEBUG [FileSystemManager.cpp:134] request path :/qt/qml/QtQuick.2.1/Controls/impl/qmldir
DEBUG [FileSystemManager.cpp:141] failed to import :/qt/qml/QtQuick.2.1/Controls/impl/qmldir
DEBUG [FileSystemManager.cpp:134] request path :/qt/qml/QtQuick/Controls/impl.2/qmldir
DEBUG [FileSystemManager.cpp:141] failed to import :/qt/qml/QtQuick/Controls/impl.2/qmldir
DEBUG [FileSystemManager.cpp:134] request path :/qt/qml/QtQuick/Controls.2/impl/qmldir
DEBUG [FileSystemManager.cpp:141] failed to import :/qt/qml/QtQuick/Controls.2/impl/qmldir
DEBUG [FileSystemManager.cpp:134] request path :/qt/qml/QtQuick.2/Controls/impl/qmldir
DEBUG [FileSystemManager.cpp:141] failed to import :/qt/qml/QtQuick.2/Controls/impl/qmldir
DEBUG [FileSystemManager.cpp:134] request path :/qt/qml/QtQuick/Controls/impl/qmldir
DEBUG [FileSystemManager.cpp:141] failed to import :/qt/qml/QtQuick/Controls/impl/qmldir
DEBUG [FileSystemManager.cpp:134] request path :/qt/qml/QtQuick/Controls/Fusion.2.1/qmldir
DEBUG [FileSystemManager.cpp:141] failed to import :/qt/qml/QtQuick/Controls/Fusion.2.1/qmldir
DEBUG [FileSystemManager.cpp:134] request path :/qt/qml/QtQuick/Controls.2.1/Fusion/qmldir
DEBUG [FileSystemManager.cpp:141] failed to import :/qt/qml/QtQuick/Controls.2.1/Fusion/qmldir
DEBUG [FileSystemManager.cpp:134] request path :/qt/qml/QtQuick.2.1/Controls/Fusion/qmldir
DEBUG [FileSystemManager.cpp:141] failed to import :/qt/qml/QtQuick.2.1/Controls/Fusion/qmldir
DEBUG [FileSystemManager.cpp:134] request path :/qt/qml/QtQuick/Controls/Fusion.2/qmldir
DEBUG [FileSystemManager.cpp:141] failed to import :/qt/qml/QtQuick/Controls/Fusion.2/qmldir
DEBUG [FileSystemManager.cpp:134] request path :/qt/qml/QtQuick/Controls.2/Fusion/qmldir
DEBUG [FileSystemManager.cpp:141] failed to import :/qt/qml/QtQuick/Controls.2/Fusion/qmldir
DEBUG [FileSystemManager.cpp:134] request path :/qt/qml/QtQuick.2/Controls/Fusion/qmldir
DEBUG [FileSystemManager.cpp:141] failed to import :/qt/qml/QtQuick.2/Controls/Fusion/qmldir
DEBUG [FileSystemManager.cpp:134] request path :/qt/qml/QtQuick/Controls/Fusion/qmldir
DEBUG [FileSystemManager.cpp:141] failed to import :/qt/qml/QtQuick/Controls/Fusion/qmldir
DEBUG [FileSystemManager.cpp:134] request path :/qmljs.js
DEBUG [FileSystemManager.cpp:141] failed to import :/qmljs.js
DEBUG [FileSystemManager.cpp:134] request path :/+Windows
DEBUG [FileSystemManager.cpp:134] request path :/qmldir
DEBUG [FileSystemManager.cpp:141] failed to import :/qmldir
DEBUG [FileSystemManager.cpp:134] request path :/Test.qml
DEBUG [FileSystemManager.cpp:141] failed to import :/Test.qml
DEBUG [FileSystemManager.cpp:134] request path :/qt/qml/QtQml.6.7/qmldir
DEBUG [FileSystemManager.cpp:141] failed to import :/qt/qml/QtQml.6.7/qmldir
DEBUG [FileSystemManager.cpp:134] request path :/qt/qml/QtQml.6/qmldir
DEBUG [FileSystemManager.cpp:141] failed to import :/qt/qml/QtQml.6/qmldir
DEBUG [FileSystemManager.cpp:134] request path :/qt/qml/QtQml/Base.6.7/qmldir
DEBUG [FileSystemManager.cpp:141] failed to import :/qt/qml/QtQml/Base.6.7/qmldir
DEBUG [FileSystemManager.cpp:134] request path :/qt/qml/QtQml.6.7/Base/qmldir
DEBUG [FileSystemManager.cpp:141] failed to import :/qt/qml/QtQml.6.7/Base/qmldir
DEBUG [FileSystemManager.cpp:134] request path :/qt/qml/QtQml/Base.6/qmldir
DEBUG [FileSystemManager.cpp:141] failed to import :/qt/qml/QtQml/Base.6/qmldir
DEBUG [FileSystemManager.cpp:134] request path :/qt/qml/QtQml.6/Base/qmldir
DEBUG [FileSystemManager.cpp:141] failed to import :/qt/qml/QtQml.6/Base/qmldir
DEBUG [FileSystemManager.cpp:134] request path :/qt/qml/QtQml/Models.6.7/qmldir
DEBUG [FileSystemManager.cpp:141] failed to import :/qt/qml/QtQml/Models.6.7/qmldir
DEBUG [FileSystemManager.cpp:134] request path :/qt/qml/QtQml.6.7/Models/qmldir
DEBUG [FileSystemManager.cpp:141] failed to import :/qt/qml/QtQml.6.7/Models/qmldir
DEBUG [FileSystemManager.cpp:134] request path :/qt/qml/QtQml/Models.6/qmldir
DEBUG [FileSystemManager.cpp:141] failed to import :/qt/qml/QtQml/Models.6/qmldir
DEBUG [FileSystemManager.cpp:134] request path :/qt/qml/QtQml.6/Models/qmldir
DEBUG [FileSystemManager.cpp:141] failed to import :/qt/qml/QtQml.6/Models/qmldir
DEBUG [FileSystemManager.cpp:134] request path :/qt/qml/QtQml/WorkerScript.6.7/qmldir
DEBUG [FileSystemManager.cpp:141] failed to import :/qt/qml/QtQml/WorkerScript.6.7/qmldir
DEBUG [FileSystemManager.cpp:134] request path :/qt/qml/QtQml.6.7/WorkerScript/qmldir
DEBUG [FileSystemManager.cpp:141] failed to import :/qt/qml/QtQml.6.7/WorkerScript/qmldir
DEBUG [FileSystemManager.cpp:134] request path :/qt/qml/QtQml/WorkerScript.6/qmldir
DEBUG [FileSystemManager.cpp:141] failed to import :/qt/qml/QtQml/WorkerScript.6/qmldir
DEBUG [FileSystemManager.cpp:134] request path :/qt/qml/QtQml.6/WorkerScript/qmldir
DEBUG [FileSystemManager.cpp:141] failed to import :/qt/qml/QtQml.6/WorkerScript/qmldir
DEBUG [FileSystemManager.cpp:134] request path :/qt/qml/QtQuick/NativeStyle/qmldir
DEBUG [FileSystemManager.cpp:141] failed to import :/qt/qml/QtQuick/NativeStyle/qmldir
DEBUG [FileSystemManager.cpp:134] request path :/qt/qml/QtQuick/Controls/impl.6.7/qmldir
DEBUG [FileSystemManager.cpp:141] failed to import :/qt/qml/QtQuick/Controls/impl.6.7/qmldir
DEBUG [FileSystemManager.cpp:134] request path :/qt/qml/QtQuick/Controls.6.7/impl/qmldir
DEBUG [FileSystemManager.cpp:141] failed to import :/qt/qml/QtQuick/Controls.6.7/impl/qmldir
DEBUG [FileSystemManager.cpp:134] request path :/qt/qml/QtQuick.6.7/Controls/impl/qmldir
DEBUG [FileSystemManager.cpp:141] failed to import :/qt/qml/QtQuick.6.7/Controls/impl/qmldir
DEBUG [FileSystemManager.cpp:134] request path :/qt/qml/QtQuick/Controls/impl.6/qmldir
DEBUG [FileSystemManager.cpp:141] failed to import :/qt/qml/QtQuick/Controls/impl.6/qmldir
DEBUG [FileSystemManager.cpp:134] request path :/qt/qml/QtQuick/Controls.6/impl/qmldir
DEBUG [FileSystemManager.cpp:141] failed to import :/qt/qml/QtQuick/Controls.6/impl/qmldir
DEBUG [FileSystemManager.cpp:134] request path :/qt/qml/QtQuick.6/Controls/impl/qmldir
DEBUG [FileSystemManager.cpp:141] failed to import :/qt/qml/QtQuick.6/Controls/impl/qmldir
DEBUG [FileSystemManager.cpp:134] request path :/qt/qml/QtQuick/Controls/Basic.6.7/qmldir
DEBUG [FileSystemManager.cpp:141] failed to import :/qt/qml/QtQuick/Controls/Basic.6.7/qmldir
DEBUG [FileSystemManager.cpp:134] request path :/qt/qml/QtQuick/Controls.6.7/Basic/qmldir
DEBUG [FileSystemManager.cpp:141] failed to import :/qt/qml/QtQuick/Controls.6.7/Basic/qmldir
DEBUG [FileSystemManager.cpp:134] request path :/qt/qml/QtQuick.6.7/Controls/Basic/qmldir
DEBUG [FileSystemManager.cpp:141] failed to import :/qt/qml/QtQuick.6.7/Controls/Basic/qmldir
DEBUG [FileSystemManager.cpp:134] request path :/qt/qml/QtQuick/Controls/Basic.6/qmldir
DEBUG [FileSystemManager.cpp:141] failed to import :/qt/qml/QtQuick/Controls/Basic.6/qmldir
DEBUG [FileSystemManager.cpp:134] request path :/qt/qml/QtQuick/Controls.6/Basic/qmldir
DEBUG [FileSystemManager.cpp:141] failed to import :/qt/qml/QtQuick/Controls.6/Basic/qmldir
DEBUG [FileSystemManager.cpp:134] request path :/qt/qml/QtQuick.6/Controls/Basic/qmldir
DEBUG [FileSystemManager.cpp:141] failed to import :/qt/qml/QtQuick.6/Controls/Basic/qmldir
DEBUG [FileSystemManager.cpp:134] request path :/qt/qml/QtQuick/Templates/qmldir
DEBUG [FileSystemManager.cpp:141] failed to import :/qt/qml/QtQuick/Templates/qmldir
DEBUG [FileSystemManager.cpp:134] request path :/qt/qml/QtQuick/Controls/Windows.6.7/qmldir
DEBUG [FileSystemManager.cpp:141] failed to import :/qt/qml/QtQuick/Controls/Windows.6.7/qmldir
DEBUG [FileSystemManager.cpp:134] request path :/qt/qml/QtQuick/Controls.6.7/Windows/qmldir
DEBUG [FileSystemManager.cpp:141] failed to import :/qt/qml/QtQuick/Controls.6.7/Windows/qmldir
DEBUG [FileSystemManager.cpp:134] request path :/qt/qml/QtQuick.6.7/Controls/Windows/qmldir
DEBUG [FileSystemManager.cpp:141] failed to import :/qt/qml/QtQuick.6.7/Controls/Windows/qmldir
DEBUG [FileSystemManager.cpp:134] request path :/qt/qml/QtQuick/Controls/Windows.6/qmldir
DEBUG [FileSystemManager.cpp:141] failed to import :/qt/qml/QtQuick/Controls/Windows.6/qmldir
DEBUG [FileSystemManager.cpp:134] request path :/qt/qml/QtQuick/Controls.6/Windows/qmldir
DEBUG [FileSystemManager.cpp:141] failed to import :/qt/qml/QtQuick/Controls.6/Windows/qmldir
DEBUG [FileSystemManager.cpp:134] request path :/qt/qml/QtQuick.6/Controls/Windows/qmldir
DEBUG [FileSystemManager.cpp:141] failed to import :/qt/qml/QtQuick.6/Controls/Windows/qmldir
DEBUG [FileSystemManager.cpp:134] request path :/qt/qml/QtQuick/Controls/Fusion.6.7/qmldir
DEBUG [FileSystemManager.cpp:141] failed to import :/qt/qml/QtQuick/Controls/Fusion.6.7/qmldir
DEBUG [FileSystemManager.cpp:134] request path :/qt/qml/QtQuick/Controls.6.7/Fusion/qmldir
DEBUG [FileSystemManager.cpp:141] failed to import :/qt/qml/QtQuick/Controls.6.7/Fusion/qmldir
DEBUG [FileSystemManager.cpp:134] request path :/qt/qml/QtQuick.6.7/Controls/Fusion/qmldir
DEBUG [FileSystemManager.cpp:141] failed to import :/qt/qml/QtQuick.6.7/Controls/Fusion/qmldir
DEBUG [FileSystemManager.cpp:134] request path :/qt/qml/QtQuick/Controls/Fusion.6/qmldir
DEBUG [FileSystemManager.cpp:141] failed to import :/qt/qml/QtQuick/Controls/Fusion.6/qmldir
DEBUG [FileSystemManager.cpp:134] request path :/qt/qml/QtQuick/Controls.6/Fusion/qmldir
DEBUG [FileSystemManager.cpp:141] failed to import :/qt/qml/QtQuick/Controls.6/Fusion/qmldir
DEBUG [FileSystemManager.cpp:134] request path :/qt/qml/QtQuick.6/Controls/Fusion/qmldir
DEBUG [FileSystemManager.cpp:141] failed to import :/qt/qml/QtQuick.6/Controls/Fusion/qmldir
DEBUG [previewTool.cpp:106] connect closed
DEBUG [mian.cpp:88] sub process crash.
DEBUG [mian.cpp:83] sub process is closed.
ERROR [FileSystemManager.cpp:407] src: 拒绝访问。
DEBUG [FileSystemManager.cpp:113] focus qml file E:/workspace/qml/qml/src/main.qml
DEBUG [previewTool.cpp:86] success to connect
ERROR [previewTool.cpp:179] commands:
    s               Stop show Interface FPS Infomation.
    zoom [float]    Display zoom factor.
    help            Commands description.
    refresh         Reflash preview interface.
    fps             Launch show Interface FPS Infomation.
    clc             Clear Console.
    t [float]       Reflash interval of FPS information. Minium interval value is 1 sec.
DEBUG [FileSystemManager.cpp:134] request path E:/workspace/qml/qml/translations
DEBUG [FileSystemManager.cpp:134] request path E:/workspace
DEBUG [FileSystemManager.cpp:134] request path D:/ProgramData
DEBUG [FileSystemManager.cpp:134] request path :/main.qml
DEBUG [FileSystemManager.cpp:141] failed to import :/main.qml
DEBUG [FileSystemManager.cpp:134] request path :/i18n/qml_en_Latn_US.qm
DEBUG [FileSystemManager.cpp:134] request path :/i18n/qml_en_Latn_US
DEBUG [FileSystemManager.cpp:134] request path :/i18n/qml_en_Latn.qm
DEBUG [FileSystemManager.cpp:134] request path :/i18n/qml_en_Latn
DEBUG [FileSystemManager.cpp:134] request path :/i18n/qml_en.qm
DEBUG [FileSystemManager.cpp:134] request path :/i18n/qml_en
DEBUG [FileSystemManager.cpp:134] request path :/i18n/qml_en_latn_us.qm
DEBUG [FileSystemManager.cpp:134] request path :/i18n/qml_en_latn_us
DEBUG [FileSystemManager.cpp:134] request path :/i18n/qml_en_latn.qm
DEBUG [FileSystemManager.cpp:134] request path :/i18n/qml_en_latn
DEBUG [FileSystemManager.cpp:134] request path :/i18n/qml_en_US.qm
DEBUG [FileSystemManager.cpp:134] request path :/i18n/qml_en_US
DEBUG [FileSystemManager.cpp:134] request path :/i18n/qml_en_us.qm
DEBUG [FileSystemManager.cpp:134] request path :/i18n/qml_en_us
DEBUG [FileSystemManager.cpp:134] request path :/i18n/qml.qm
DEBUG [FileSystemManager.cpp:134] request path :/i18n/qml_
DEBUG [FileSystemManager.cpp:134] request path :/i18n/qml
DEBUG [FileSystemManager.cpp:134] request path :/+en_US
DEBUG [FileSystemManager.cpp:134] request path :/+windows
DEBUG [FileSystemManager.cpp:134] request path :/+winnt
DEBUG [FileSystemManager.cpp:134] request path :/qt/qml/QtQuick.2.0/qmldir
DEBUG [FileSystemManager.cpp:141] failed to import :/qt/qml/QtQuick.2.0/qmldir
DEBUG [FileSystemManager.cpp:134] request path :/qt/qml/QtQuick.2/qmldir
DEBUG [FileSystemManager.cpp:141] failed to import :/qt/qml/QtQuick.2/qmldir
DEBUG [FileSystemManager.cpp:134] request path :/qt/qml/QtQml.2.0/qmldir
DEBUG [FileSystemManager.cpp:141] failed to import :/qt/qml/QtQml.2.0/qmldir
DEBUG [FileSystemManager.cpp:134] request path :/qt/qml/QtQml.2/qmldir
DEBUG [FileSystemManager.cpp:141] failed to import :/qt/qml/QtQml.2/qmldir
DEBUG [FileSystemManager.cpp:134] request path :/qt/qml/QtQml/Base.2.0/qmldir
DEBUG [FileSystemManager.cpp:141] failed to import :/qt/qml/QtQml/Base.2.0/qmldir
DEBUG [FileSystemManager.cpp:134] request path :/qt/qml/QtQml.2.0/Base/qmldir
DEBUG [FileSystemManager.cpp:141] failed to import :/qt/qml/QtQml.2.0/Base/qmldir
DEBUG [FileSystemManager.cpp:134] request path :/qt/qml/QtQml/Base.2/qmldir
DEBUG [FileSystemManager.cpp:141] failed to import :/qt/qml/QtQml/Base.2/qmldir
DEBUG [FileSystemManager.cpp:134] request path :/qt/qml/QtQml.2/Base/qmldir
DEBUG [FileSystemManager.cpp:141] failed to import :/qt/qml/QtQml.2/Base/qmldir
DEBUG [FileSystemManager.cpp:134] request path :/qt/qml/QtQml/Base/qmldir
DEBUG [FileSystemManager.cpp:141] failed to import :/qt/qml/QtQml/Base/qmldir
DEBUG [FileSystemManager.cpp:134] request path :/qt/qml/QtQml/Models.2.0/qmldir
DEBUG [FileSystemManager.cpp:141] failed to import :/qt/qml/QtQml/Models.2.0/qmldir
DEBUG [FileSystemManager.cpp:134] request path :/qt/qml/QtQml.2.0/Models/qmldir
DEBUG [FileSystemManager.cpp:141] failed to import :/qt/qml/QtQml.2.0/Models/qmldir
DEBUG [FileSystemManager.cpp:134] request path :/qt/qml/QtQml/Models.2/qmldir
DEBUG [FileSystemManager.cpp:141] failed to import :/qt/qml/QtQml/Models.2/qmldir
DEBUG [FileSystemManager.cpp:134] request path :/qt/qml/QtQml.2/Models/qmldir
DEBUG [FileSystemManager.cpp:141] failed to import :/qt/qml/QtQml.2/Models/qmldir
DEBUG [FileSystemManager.cpp:134] request path :/qt/qml/QtQml/Models/qmldir
DEBUG [FileSystemManager.cpp:141] failed to import :/qt/qml/QtQml/Models/qmldir
DEBUG [FileSystemManager.cpp:134] request path :/qt/qml/QtQml/WorkerScript.2.0/qmldir
DEBUG [FileSystemManager.cpp:141] failed to import :/qt/qml/QtQml/WorkerScript.2.0/qmldir
DEBUG [FileSystemManager.cpp:134] request path :/qt/qml/QtQml.2.0/WorkerScript/qmldir
DEBUG [FileSystemManager.cpp:141] failed to import :/qt/qml/QtQml.2.0/WorkerScript/qmldir
DEBUG [FileSystemManager.cpp:134] request path :/qt/qml/QtQml/WorkerScript.2/qmldir
DEBUG [FileSystemManager.cpp:141] failed to import :/qt/qml/QtQml/WorkerScript.2/qmldir
DEBUG [FileSystemManager.cpp:134] request path :/qt/qml/QtQml.2/WorkerScript/qmldir
DEBUG [FileSystemManager.cpp:141] failed to import :/qt/qml/QtQml.2/WorkerScript/qmldir
DEBUG [FileSystemManager.cpp:134] request path :/qt/qml/QtQml/WorkerScript/qmldir
DEBUG [FileSystemManager.cpp:141] failed to import :/qt/qml/QtQml/WorkerScript/qmldir
DEBUG [FileSystemManager.cpp:134] request path :/qt/qml/QtQml/qmldir
DEBUG [FileSystemManager.cpp:141] failed to import :/qt/qml/QtQml/qmldir
DEBUG [FileSystemManager.cpp:134] request path :/qt/qml/QtQuick/qmldir
DEBUG [FileSystemManager.cpp:141] failed to import :/qt/qml/QtQuick/qmldir
DEBUG [FileSystemManager.cpp:134] request path :/qt/qml/QtQuick/Window.2.1/qmldir
DEBUG [FileSystemManager.cpp:141] failed to import :/qt/qml/QtQuick/Window.2.1/qmldir
DEBUG [FileSystemManager.cpp:134] request path :/qt/qml/QtQuick.2.1/Window/qmldir
DEBUG [FileSystemManager.cpp:141] failed to import :/qt/qml/QtQuick.2.1/Window/qmldir
DEBUG [FileSystemManager.cpp:134] request path :/qt/qml/QtQuick/Window.2/qmldir
DEBUG [FileSystemManager.cpp:141] failed to import :/qt/qml/QtQuick/Window.2/qmldir
DEBUG [FileSystemManager.cpp:134] request path :/qt/qml/QtQuick.2/Window/qmldir
DEBUG [FileSystemManager.cpp:141] failed to import :/qt/qml/QtQuick.2/Window/qmldir
DEBUG [FileSystemManager.cpp:134] request path :/qt/qml/QtQuick/Window/qmldir
DEBUG [FileSystemManager.cpp:141] failed to import :/qt/qml/QtQuick/Window/qmldir
DEBUG [FileSystemManager.cpp:134] request path :/qt/qml/QtQuick.2.1/qmldir
DEBUG [FileSystemManager.cpp:141] failed to import :/qt/qml/QtQuick.2.1/qmldir
DEBUG [FileSystemManager.cpp:134] request path :/qt/qml/QtQml.2.1/qmldir
DEBUG [FileSystemManager.cpp:141] failed to import :/qt/qml/QtQml.2.1/qmldir
DEBUG [FileSystemManager.cpp:134] request path :/qt/qml/QtQml/Base.2.1/qmldir
DEBUG [FileSystemManager.cpp:141] failed to import :/qt/qml/QtQml/Base.2.1/qmldir
DEBUG [FileSystemManager.cpp:134] request path :/qt/qml/QtQml.2.1/Base/qmldir
DEBUG [FileSystemManager.cpp:141] failed to import :/qt/qml/QtQml.2.1/Base/qmldir
DEBUG [FileSystemManager.cpp:134] request path :/qt/qml/QtQml/Models.2.1/qmldir
DEBUG [FileSystemManager.cpp:141] failed to import :/qt/qml/QtQml/Models.2.1/qmldir
DEBUG [FileSystemManager.cpp:134] request path :/qt/qml/QtQml.2.1/Models/qmldir
DEBUG [FileSystemManager.cpp:141] failed to import :/qt/qml/QtQml.2.1/Models/qmldir
DEBUG [FileSystemManager.cpp:134] request path :/qt/qml/QtQml/WorkerScript.2.1/qmldir
DEBUG [FileSystemManager.cpp:141] failed to import :/qt/qml/QtQml/WorkerScript.2.1/qmldir
DEBUG [FileSystemManager.cpp:134] request path :/qt/qml/QtQml.2.1/WorkerScript/qmldir
DEBUG [FileSystemManager.cpp:141] failed to import :/qt/qml/QtQml.2.1/WorkerScript/qmldir
DEBUG [FileSystemManager.cpp:134] request path :/qt/qml/QtQuick/Controls.2.1/qmldir
DEBUG [FileSystemManager.cpp:141] failed to import :/qt/qml/QtQuick/Controls.2.1/qmldir
DEBUG [FileSystemManager.cpp:134] request path :/qt/qml/QtQuick.2.1/Controls/qmldir
DEBUG [FileSystemManager.cpp:141] failed to import :/qt/qml/QtQuick.2.1/Controls/qmldir
DEBUG [FileSystemManager.cpp:134] request path :/qt/qml/QtQuick/Controls.2/qmldir
DEBUG [FileSystemManager.cpp:141] failed to import :/qt/qml/QtQuick/Controls.2/qmldir
DEBUG [FileSystemManager.cpp:134] request path :/qt/qml/QtQuick.2/Controls/qmldir
DEBUG [FileSystemManager.cpp:141] failed to import :/qt/qml/QtQuick.2/Controls/qmldir
DEBUG [FileSystemManager.cpp:134] request path :/qt/qml/QtQuick/Controls/qmldir
DEBUG [FileSystemManager.cpp:141] failed to import :/qt/qml/QtQuick/Controls/qmldir
DEBUG [FileSystemManager.cpp:134] request path :/qtquickcontrols2.conf
DEBUG [FileSystemManager.cpp:134] request path :/qt/qml/QtQuick/Controls/Windows.2.1/qmldir
DEBUG [FileSystemManager.cpp:141] failed to import :/qt/qml/QtQuick/Controls/Windows.2.1/qmldir
DEBUG [FileSystemManager.cpp:134] request path :/qt/qml/QtQuick/Controls.2.1/Windows/qmldir
DEBUG [FileSystemManager.cpp:141] failed to import :/qt/qml/QtQuick/Controls.2.1/Windows/qmldir
DEBUG [FileSystemManager.cpp:134] request path :/qt/qml/QtQuick.2.1/Controls/Windows/qmldir
DEBUG [FileSystemManager.cpp:141] failed to import :/qt/qml/QtQuick.2.1/Controls/Windows/qmldir
DEBUG [FileSystemManager.cpp:134] request path :/qt/qml/QtQuick/Controls/Windows.2/qmldir
DEBUG [FileSystemManager.cpp:141] failed to import :/qt/qml/QtQuick/Controls/Windows.2/qmldir
DEBUG [FileSystemManager.cpp:134] request path :/qt/qml/QtQuick/Controls.2/Windows/qmldir
DEBUG [FileSystemManager.cpp:141] failed to import :/qt/qml/QtQuick/Controls.2/Windows/qmldir
DEBUG [FileSystemManager.cpp:134] request path :/qt/qml/QtQuick.2/Controls/Windows/qmldir
DEBUG [FileSystemManager.cpp:141] failed to import :/qt/qml/QtQuick.2/Controls/Windows/qmldir
DEBUG [FileSystemManager.cpp:134] request path :/qt/qml/QtQuick/Controls/Windows/qmldir
DEBUG [FileSystemManager.cpp:141] failed to import :/qt/qml/QtQuick/Controls/Windows/qmldir
DEBUG [FileSystemManager.cpp:134] request path :/qt/qml/QtQuick/Controls/Basic.2.1/qmldir
DEBUG [FileSystemManager.cpp:141] failed to import :/qt/qml/QtQuick/Controls/Basic.2.1/qmldir
DEBUG [FileSystemManager.cpp:134] request path :/qt/qml/QtQuick/Controls.2.1/Basic/qmldir
DEBUG [FileSystemManager.cpp:141] failed to import :/qt/qml/QtQuick/Controls.2.1/Basic/qmldir
DEBUG [FileSystemManager.cpp:134] request path :/qt/qml/QtQuick.2.1/Controls/Basic/qmldir
DEBUG [FileSystemManager.cpp:141] failed to import :/qt/qml/QtQuick.2.1/Controls/Basic/qmldir
DEBUG [FileSystemManager.cpp:134] request path :/qt/qml/QtQuick/Controls/Basic.2/qmldir
DEBUG [FileSystemManager.cpp:141] failed to import :/qt/qml/QtQuick/Controls/Basic.2/qmldir
DEBUG [FileSystemManager.cpp:134] request path :/qt/qml/QtQuick/Controls.2/Basic/qmldir
DEBUG [FileSystemManager.cpp:141] failed to import :/qt/qml/QtQuick/Controls.2/Basic/qmldir
DEBUG [FileSystemManager.cpp:134] request path :/qt/qml/QtQuick.2/Controls/Basic/qmldir
DEBUG [FileSystemManager.cpp:141] failed to import :/qt/qml/QtQuick.2/Controls/Basic/qmldir
DEBUG [FileSystemManager.cpp:134] request path :/qt/qml/QtQuick/Controls/Basic/qmldir
DEBUG [FileSystemManager.cpp:141] failed to import :/qt/qml/QtQuick/Controls/Basic/qmldir
DEBUG [FileSystemManager.cpp:134] request path :/qt/qml/QtQuick/Controls/impl.2.1/qmldir
DEBUG [FileSystemManager.cpp:141] failed to import :/qt/qml/QtQuick/Controls/impl.2.1/qmldir
DEBUG [FileSystemManager.cpp:134] request path :/qt/qml/QtQuick/Controls.2.1/impl/qmldir
DEBUG [FileSystemManager.cpp:141] failed to import :/qt/qml/QtQuick/Controls.2.1/impl/qmldir
DEBUG [FileSystemManager.cpp:134] request path :/qt/qml/QtQuick.2.1/Controls/impl/qmldir
DEBUG [FileSystemManager.cpp:141] failed to import :/qt/qml/QtQuick.2.1/Controls/impl/qmldir
DEBUG [FileSystemManager.cpp:134] request path :/qt/qml/QtQuick/Controls/impl.2/qmldir
DEBUG [FileSystemManager.cpp:141] failed to import :/qt/qml/QtQuick/Controls/impl.2/qmldir
DEBUG [FileSystemManager.cpp:134] request path :/qt/qml/QtQuick/Controls.2/impl/qmldir
DEBUG [FileSystemManager.cpp:141] failed to import :/qt/qml/QtQuick/Controls.2/impl/qmldir
DEBUG [FileSystemManager.cpp:134] request path :/qt/qml/QtQuick.2/Controls/impl/qmldir
DEBUG [FileSystemManager.cpp:141] failed to import :/qt/qml/QtQuick.2/Controls/impl/qmldir
DEBUG [FileSystemManager.cpp:134] request path :/qt/qml/QtQuick/Controls/impl/qmldir
DEBUG [FileSystemManager.cpp:141] failed to import :/qt/qml/QtQuick/Controls/impl/qmldir
DEBUG [FileSystemManager.cpp:134] request path :/qt/qml/QtQuick/Controls/Fusion.2.1/qmldir
DEBUG [FileSystemManager.cpp:141] failed to import :/qt/qml/QtQuick/Controls/Fusion.2.1/qmldir
DEBUG [FileSystemManager.cpp:134] request path :/qt/qml/QtQuick/Controls.2.1/Fusion/qmldir
DEBUG [FileSystemManager.cpp:141] failed to import :/qt/qml/QtQuick/Controls.2.1/Fusion/qmldir
DEBUG [FileSystemManager.cpp:134] request path :/qt/qml/QtQuick.2.1/Controls/Fusion/qmldir
DEBUG [FileSystemManager.cpp:141] failed to import :/qt/qml/QtQuick.2.1/Controls/Fusion/qmldir
DEBUG [FileSystemManager.cpp:134] request path :/qt/qml/QtQuick/Controls/Fusion.2/qmldir
DEBUG [FileSystemManager.cpp:141] failed to import :/qt/qml/QtQuick/Controls/Fusion.2/qmldir
DEBUG [FileSystemManager.cpp:134] request path :/qt/qml/QtQuick/Controls.2/Fusion/qmldir
DEBUG [FileSystemManager.cpp:141] failed to import :/qt/qml/QtQuick/Controls.2/Fusion/qmldir
DEBUG [FileSystemManager.cpp:134] request path :/qt/qml/QtQuick.2/Controls/Fusion/qmldir
DEBUG [FileSystemManager.cpp:141] failed to import :/qt/qml/QtQuick.2/Controls/Fusion/qmldir
DEBUG [FileSystemManager.cpp:134] request path :/qt/qml/QtQuick/Controls/Fusion/qmldir
DEBUG [FileSystemManager.cpp:141] failed to import :/qt/qml/QtQuick/Controls/Fusion/qmldir
DEBUG [FileSystemManager.cpp:134] request path :/qmljs.js
DEBUG [FileSystemManager.cpp:141] failed to import :/qmljs.js
DEBUG [FileSystemManager.cpp:134] request path :/+Windows
DEBUG [FileSystemManager.cpp:134] request path :/qmldir
DEBUG [FileSystemManager.cpp:141] failed to import :/qmldir
DEBUG [FileSystemManager.cpp:134] request path :/qt/qml/QtQml.6.7/qmldir
DEBUG [FileSystemManager.cpp:141] failed to import :/qt/qml/QtQml.6.7/qmldir
DEBUG [FileSystemManager.cpp:134] request path :/qt/qml/QtQml.6/qmldir
DEBUG [FileSystemManager.cpp:141] failed to import :/qt/qml/QtQml.6/qmldir
DEBUG [FileSystemManager.cpp:134] request path :/qt/qml/QtQml/Base.6.7/qmldir
DEBUG [FileSystemManager.cpp:141] failed to import :/qt/qml/QtQml/Base.6.7/qmldir
DEBUG [FileSystemManager.cpp:134] request path :/qt/qml/QtQml.6.7/Base/qmldir
DEBUG [FileSystemManager.cpp:141] failed to import :/qt/qml/QtQml.6.7/Base/qmldir
DEBUG [FileSystemManager.cpp:134] request path :/qt/qml/QtQml/Base.6/qmldir
DEBUG [FileSystemManager.cpp:141] failed to import :/qt/qml/QtQml/Base.6/qmldir
DEBUG [FileSystemManager.cpp:134] request path :/qt/qml/QtQml.6/Base/qmldir
DEBUG [FileSystemManager.cpp:141] failed to import :/qt/qml/QtQml.6/Base/qmldir
DEBUG [FileSystemManager.cpp:134] request path :/qt/qml/QtQml/Models.6.7/qmldir
DEBUG [FileSystemManager.cpp:141] failed to import :/qt/qml/QtQml/Models.6.7/qmldir
DEBUG [FileSystemManager.cpp:134] request path :/qt/qml/QtQml.6.7/Models/qmldir
DEBUG [FileSystemManager.cpp:141] failed to import :/qt/qml/QtQml.6.7/Models/qmldir
DEBUG [FileSystemManager.cpp:134] request path :/qt/qml/QtQml/Models.6/qmldir
DEBUG [FileSystemManager.cpp:141] failed to import :/qt/qml/QtQml/Models.6/qmldir
DEBUG [FileSystemManager.cpp:134] request path :/qt/qml/QtQml.6/Models/qmldir
DEBUG [FileSystemManager.cpp:141] failed to import :/qt/qml/QtQml.6/Models/qmldir
DEBUG [FileSystemManager.cpp:134] request path :/qt/qml/QtQml/WorkerScript.6.7/qmldir
DEBUG [FileSystemManager.cpp:141] failed to import :/qt/qml/QtQml/WorkerScript.6.7/qmldir
DEBUG [FileSystemManager.cpp:134] request path :/qt/qml/QtQml.6.7/WorkerScript/qmldir
DEBUG [FileSystemManager.cpp:141] failed to import :/qt/qml/QtQml.6.7/WorkerScript/qmldir
DEBUG [FileSystemManager.cpp:134] request path :/qt/qml/QtQml/WorkerScript.6/qmldir
DEBUG [FileSystemManager.cpp:141] failed to import :/qt/qml/QtQml/WorkerScript.6/qmldir
DEBUG [FileSystemManager.cpp:134] request path :/qt/qml/QtQml.6/WorkerScript/qmldir
DEBUG [FileSystemManager.cpp:141] failed to import :/qt/qml/QtQml.6/WorkerScript/qmldir
DEBUG [FileSystemManager.cpp:134] request path :/qt/qml/QtQuick/NativeStyle/qmldir
DEBUG [FileSystemManager.cpp:141] failed to import :/qt/qml/QtQuick/NativeStyle/qmldir
DEBUG [FileSystemManager.cpp:134] request path :/qt/qml/QtQuick/Controls/impl.6.7/qmldir
DEBUG [FileSystemManager.cpp:141] failed to import :/qt/qml/QtQuick/Controls/impl.6.7/qmldir
DEBUG [FileSystemManager.cpp:134] request path :/qt/qml/QtQuick/Controls.6.7/impl/qmldir
DEBUG [FileSystemManager.cpp:141] failed to import :/qt/qml/QtQuick/Controls.6.7/impl/qmldir
DEBUG [FileSystemManager.cpp:134] request path :/qt/qml/QtQuick.6.7/Controls/impl/qmldir
DEBUG [FileSystemManager.cpp:141] failed to import :/qt/qml/QtQuick.6.7/Controls/impl/qmldir
DEBUG [FileSystemManager.cpp:134] request path :/qt/qml/QtQuick/Controls/impl.6/qmldir
DEBUG [FileSystemManager.cpp:141] failed to import :/qt/qml/QtQuick/Controls/impl.6/qmldir
DEBUG [FileSystemManager.cpp:134] request path :/qt/qml/QtQuick/Controls.6/impl/qmldir
DEBUG [FileSystemManager.cpp:141] failed to import :/qt/qml/QtQuick/Controls.6/impl/qmldir
DEBUG [FileSystemManager.cpp:134] request path :/qt/qml/QtQuick.6/Controls/impl/qmldir
DEBUG [FileSystemManager.cpp:141] failed to import :/qt/qml/QtQuick.6/Controls/impl/qmldir
DEBUG [FileSystemManager.cpp:134] request path :/qt/qml/QtQuick/Controls/Basic.6.7/qmldir
DEBUG [FileSystemManager.cpp:141] failed to import :/qt/qml/QtQuick/Controls/Basic.6.7/qmldir
DEBUG [FileSystemManager.cpp:134] request path :/qt/qml/QtQuick/Controls.6.7/Basic/qmldir
DEBUG [FileSystemManager.cpp:141] failed to import :/qt/qml/QtQuick/Controls.6.7/Basic/qmldir
DEBUG [FileSystemManager.cpp:134] request path :/qt/qml/QtQuick.6.7/Controls/Basic/qmldir
DEBUG [FileSystemManager.cpp:141] failed to import :/qt/qml/QtQuick.6.7/Controls/Basic/qmldir
DEBUG [FileSystemManager.cpp:134] request path :/qt/qml/QtQuick/Controls/Basic.6/qmldir
DEBUG [FileSystemManager.cpp:141] failed to import :/qt/qml/QtQuick/Controls/Basic.6/qmldir
DEBUG [FileSystemManager.cpp:134] request path :/qt/qml/QtQuick/Controls.6/Basic/qmldir
DEBUG [FileSystemManager.cpp:141] failed to import :/qt/qml/QtQuick/Controls.6/Basic/qmldir
DEBUG [FileSystemManager.cpp:134] request path :/qt/qml/QtQuick.6/Controls/Basic/qmldir
DEBUG [FileSystemManager.cpp:141] failed to import :/qt/qml/QtQuick.6/Controls/Basic/qmldir
DEBUG [FileSystemManager.cpp:134] request path :/qt/qml/QtQuick/Templates/qmldir
DEBUG [FileSystemManager.cpp:141] failed to import :/qt/qml/QtQuick/Templates/qmldir
DEBUG [FileSystemManager.cpp:134] request path :/qt/qml/QtQuick/Controls/Windows.6.7/qmldir
DEBUG [FileSystemManager.cpp:141] failed to import :/qt/qml/QtQuick/Controls/Windows.6.7/qmldir
DEBUG [FileSystemManager.cpp:134] request path :/qt/qml/QtQuick/Controls.6.7/Windows/qmldir
DEBUG [FileSystemManager.cpp:141] failed to import :/qt/qml/QtQuick/Controls.6.7/Windows/qmldir
DEBUG [FileSystemManager.cpp:134] request path :/qt/qml/QtQuick.6.7/Controls/Windows/qmldir
DEBUG [FileSystemManager.cpp:141] failed to import :/qt/qml/QtQuick.6.7/Controls/Windows/qmldir
DEBUG [FileSystemManager.cpp:134] request path :/qt/qml/QtQuick/Controls/Windows.6/qmldir
DEBUG [FileSystemManager.cpp:141] failed to import :/qt/qml/QtQuick/Controls/Windows.6/qmldir
DEBUG [FileSystemManager.cpp:134] request path :/qt/qml/QtQuick/Controls.6/Windows/qmldir
DEBUG [FileSystemManager.cpp:141] failed to import :/qt/qml/QtQuick/Controls.6/Windows/qmldir
DEBUG [FileSystemManager.cpp:134] request path :/qt/qml/QtQuick.6/Controls/Windows/qmldir
DEBUG [FileSystemManager.cpp:141] failed to import :/qt/qml/QtQuick.6/Controls/Windows/qmldir
DEBUG [FileSystemManager.cpp:134] request path :/qt/qml/QtQuick/Controls/Fusion.6.7/qmldir
DEBUG [FileSystemManager.cpp:141] failed to import :/qt/qml/QtQuick/Controls/Fusion.6.7/qmldir
DEBUG [FileSystemManager.cpp:134] request path :/qt/qml/QtQuick/Controls.6.7/Fusion/qmldir
DEBUG [FileSystemManager.cpp:141] failed to import :/qt/qml/QtQuick/Controls.6.7/Fusion/qmldir
DEBUG [FileSystemManager.cpp:134] request path :/qt/qml/QtQuick.6.7/Controls/Fusion/qmldir
DEBUG [FileSystemManager.cpp:141] failed to import :/qt/qml/QtQuick.6.7/Controls/Fusion/qmldir
DEBUG [FileSystemManager.cpp:134] request path :/qt/qml/QtQuick/Controls/Fusion.6/qmldir
DEBUG [FileSystemManager.cpp:141] failed to import :/qt/qml/QtQuick/Controls/Fusion.6/qmldir
DEBUG [FileSystemManager.cpp:134] request path :/qt/qml/QtQuick/Controls.6/Fusion/qmldir
DEBUG [FileSystemManager.cpp:141] failed to import :/qt/qml/QtQuick/Controls.6/Fusion/qmldir
DEBUG [FileSystemManager.cpp:134] request path :/qt/qml/QtQuick.6/Controls/Fusion/qmldir
DEBUG [FileSystemManager.cpp:141] failed to import :/qt/qml/QtQuick.6/Controls/Fusion/qmldir
DEBUG [FileSystemManager.cpp:134] request path :/Test.qml
DEBUG [FileSystemManager.cpp:141] failed to import :/Test.qml
DEBUG [FileSystemManager.cpp:246] file change : E:/workspace/qml/qml/src/main.qml
DEBUG [FileSystemManager.cpp:134] request path E:/workspace/qml/qml
DEBUG [FileSystemManager.cpp:246] file change : E:/workspace/qml/qml/src/main.qml
DEBUG [FileSystemManager.cpp:134] request path E:/workspace/qml/qml
ERROR [FileSystemManager.cpp:407] src: 拒绝访问。
DEBUG [FileSystemManager.cpp:113] focus qml file E:/workspace/qml/qml/src/Test.qml
DEBUG [previewTool.cpp:86] success to connect
ERROR [previewTool.cpp:179] commands:
    s               Stop show Interface FPS Infomation.
    zoom [float]    Display zoom factor.
    help            Commands description.
    refresh         Reflash preview interface.
    fps             Launch show Interface FPS Infomation.
    clc             Clear Console.
    t [float]       Reflash interval of FPS information. Minium interval value is 1 sec.
DEBUG [FileSystemManager.cpp:134] request path E:/workspace/qml/qml/translations
DEBUG [FileSystemManager.cpp:134] request path E:/workspace
DEBUG [FileSystemManager.cpp:134] request path D:/ProgramData
DEBUG [FileSystemManager.cpp:134] request path :/main.qml
DEBUG [FileSystemManager.cpp:141] failed to import :/main.qml
DEBUG [FileSystemManager.cpp:134] request path :/i18n/qml_en_Latn_US.qm
DEBUG [FileSystemManager.cpp:134] request path :/i18n/qml_en_Latn_US
DEBUG [FileSystemManager.cpp:134] request path :/i18n/qml_en_Latn.qm
DEBUG [FileSystemManager.cpp:134] request path :/i18n/qml_en_Latn
DEBUG [FileSystemManager.cpp:134] request path :/i18n/qml_en.qm
DEBUG [FileSystemManager.cpp:134] request path :/i18n/qml_en
DEBUG [FileSystemManager.cpp:134] request path :/i18n/qml_en_latn_us.qm
DEBUG [FileSystemManager.cpp:134] request path :/i18n/qml_en_latn_us
DEBUG [FileSystemManager.cpp:134] request path :/i18n/qml_en_latn.qm
DEBUG [FileSystemManager.cpp:134] request path :/i18n/qml_en_latn
DEBUG [FileSystemManager.cpp:134] request path :/i18n/qml_en_US.qm
DEBUG [FileSystemManager.cpp:134] request path :/i18n/qml_en_US
DEBUG [FileSystemManager.cpp:134] request path :/i18n/qml_en_us.qm
DEBUG [FileSystemManager.cpp:134] request path :/i18n/qml_en_us
DEBUG [FileSystemManager.cpp:134] request path :/i18n/qml.qm
DEBUG [FileSystemManager.cpp:134] request path :/i18n/qml_
DEBUG [FileSystemManager.cpp:134] request path :/i18n/qml
DEBUG [FileSystemManager.cpp:134] request path :/+en_US
DEBUG [FileSystemManager.cpp:134] request path :/+windows
DEBUG [FileSystemManager.cpp:134] request path :/+winnt
DEBUG [FileSystemManager.cpp:134] request path :/qt/qml/QtQuick.2.0/qmldir
DEBUG [FileSystemManager.cpp:141] failed to import :/qt/qml/QtQuick.2.0/qmldir
DEBUG [FileSystemManager.cpp:134] request path :/qt/qml/QtQuick.2/qmldir
DEBUG [FileSystemManager.cpp:141] failed to import :/qt/qml/QtQuick.2/qmldir
DEBUG [FileSystemManager.cpp:134] request path :/qt/qml/QtQml.2.0/qmldir
DEBUG [FileSystemManager.cpp:141] failed to import :/qt/qml/QtQml.2.0/qmldir
DEBUG [FileSystemManager.cpp:134] request path :/qt/qml/QtQml.2/qmldir
DEBUG [FileSystemManager.cpp:141] failed to import :/qt/qml/QtQml.2/qmldir
DEBUG [FileSystemManager.cpp:134] request path :/qt/qml/QtQml/Base.2.0/qmldir
DEBUG [FileSystemManager.cpp:141] failed to import :/qt/qml/QtQml/Base.2.0/qmldir
DEBUG [FileSystemManager.cpp:134] request path :/qt/qml/QtQml.2.0/Base/qmldir
DEBUG [FileSystemManager.cpp:141] failed to import :/qt/qml/QtQml.2.0/Base/qmldir
DEBUG [FileSystemManager.cpp:134] request path :/qt/qml/QtQml/Base.2/qmldir
DEBUG [FileSystemManager.cpp:141] failed to import :/qt/qml/QtQml/Base.2/qmldir
DEBUG [FileSystemManager.cpp:134] request path :/qt/qml/QtQml.2/Base/qmldir
DEBUG [FileSystemManager.cpp:141] failed to import :/qt/qml/QtQml.2/Base/qmldir
DEBUG [FileSystemManager.cpp:134] request path :/qt/qml/QtQml/Base/qmldir
DEBUG [FileSystemManager.cpp:141] failed to import :/qt/qml/QtQml/Base/qmldir
DEBUG [FileSystemManager.cpp:134] request path :/qt/qml/QtQml/Models.2.0/qmldir
DEBUG [FileSystemManager.cpp:141] failed to import :/qt/qml/QtQml/Models.2.0/qmldir
DEBUG [FileSystemManager.cpp:134] request path :/qt/qml/QtQml.2.0/Models/qmldir
DEBUG [FileSystemManager.cpp:141] failed to import :/qt/qml/QtQml.2.0/Models/qmldir
DEBUG [FileSystemManager.cpp:134] request path :/qt/qml/QtQml/Models.2/qmldir
DEBUG [FileSystemManager.cpp:141] failed to import :/qt/qml/QtQml/Models.2/qmldir
DEBUG [FileSystemManager.cpp:134] request path :/qt/qml/QtQml.2/Models/qmldir
DEBUG [FileSystemManager.cpp:141] failed to import :/qt/qml/QtQml.2/Models/qmldir
DEBUG [FileSystemManager.cpp:134] request path :/qt/qml/QtQml/Models/qmldir
DEBUG [FileSystemManager.cpp:141] failed to import :/qt/qml/QtQml/Models/qmldir
DEBUG [FileSystemManager.cpp:134] request path :/qt/qml/QtQml/WorkerScript.2.0/qmldir
DEBUG [FileSystemManager.cpp:141] failed to import :/qt/qml/QtQml/WorkerScript.2.0/qmldir
DEBUG [FileSystemManager.cpp:134] request path :/qt/qml/QtQml.2.0/WorkerScript/qmldir
DEBUG [FileSystemManager.cpp:141] failed to import :/qt/qml/QtQml.2.0/WorkerScript/qmldir
DEBUG [FileSystemManager.cpp:134] request path :/qt/qml/QtQml/WorkerScript.2/qmldir
DEBUG [FileSystemManager.cpp:141] failed to import :/qt/qml/QtQml/WorkerScript.2/qmldir
DEBUG [FileSystemManager.cpp:134] request path :/qt/qml/QtQml.2/WorkerScript/qmldir
DEBUG [FileSystemManager.cpp:141] failed to import :/qt/qml/QtQml.2/WorkerScript/qmldir
DEBUG [FileSystemManager.cpp:134] request path :/qt/qml/QtQml/WorkerScript/qmldir
DEBUG [FileSystemManager.cpp:141] failed to import :/qt/qml/QtQml/WorkerScript/qmldir
DEBUG [FileSystemManager.cpp:134] request path :/qt/qml/QtQml/qmldir
DEBUG [FileSystemManager.cpp:141] failed to import :/qt/qml/QtQml/qmldir
DEBUG [FileSystemManager.cpp:134] request path :/qt/qml/QtQuick/qmldir
DEBUG [FileSystemManager.cpp:141] failed to import :/qt/qml/QtQuick/qmldir
DEBUG [FileSystemManager.cpp:134] request path :/qt/qml/QtQuick/Window.2.1/qmldir
DEBUG [FileSystemManager.cpp:141] failed to import :/qt/qml/QtQuick/Window.2.1/qmldir
DEBUG [FileSystemManager.cpp:134] request path :/qt/qml/QtQuick.2.1/Window/qmldir
DEBUG [FileSystemManager.cpp:141] failed to import :/qt/qml/QtQuick.2.1/Window/qmldir
DEBUG [FileSystemManager.cpp:134] request path :/qt/qml/QtQuick/Window.2/qmldir
DEBUG [FileSystemManager.cpp:141] failed to import :/qt/qml/QtQuick/Window.2/qmldir
DEBUG [FileSystemManager.cpp:134] request path :/qt/qml/QtQuick.2/Window/qmldir
DEBUG [FileSystemManager.cpp:141] failed to import :/qt/qml/QtQuick.2/Window/qmldir
DEBUG [FileSystemManager.cpp:134] request path :/qt/qml/QtQuick/Window/qmldir
DEBUG [FileSystemManager.cpp:141] failed to import :/qt/qml/QtQuick/Window/qmldir
DEBUG [FileSystemManager.cpp:134] request path :/qt/qml/QtQuick.2.1/qmldir
DEBUG [FileSystemManager.cpp:141] failed to import :/qt/qml/QtQuick.2.1/qmldir
DEBUG [FileSystemManager.cpp:134] request path :/qt/qml/QtQml.2.1/qmldir
DEBUG [FileSystemManager.cpp:141] failed to import :/qt/qml/QtQml.2.1/qmldir
DEBUG [FileSystemManager.cpp:134] request path :/qt/qml/QtQml/Base.2.1/qmldir
DEBUG [FileSystemManager.cpp:141] failed to import :/qt/qml/QtQml/Base.2.1/qmldir
DEBUG [FileSystemManager.cpp:134] request path :/qt/qml/QtQml.2.1/Base/qmldir
DEBUG [FileSystemManager.cpp:141] failed to import :/qt/qml/QtQml.2.1/Base/qmldir
DEBUG [FileSystemManager.cpp:134] request path :/qt/qml/QtQml/Models.2.1/qmldir
DEBUG [FileSystemManager.cpp:141] failed to import :/qt/qml/QtQml/Models.2.1/qmldir
DEBUG [FileSystemManager.cpp:134] request path :/qt/qml/QtQml.2.1/Models/qmldir
DEBUG [FileSystemManager.cpp:141] failed to import :/qt/qml/QtQml.2.1/Models/qmldir
DEBUG [FileSystemManager.cpp:134] request path :/qt/qml/QtQml/WorkerScript.2.1/qmldir
DEBUG [FileSystemManager.cpp:141] failed to import :/qt/qml/QtQml/WorkerScript.2.1/qmldir
DEBUG [FileSystemManager.cpp:134] request path :/qt/qml/QtQml.2.1/WorkerScript/qmldir
DEBUG [FileSystemManager.cpp:141] failed to import :/qt/qml/QtQml.2.1/WorkerScript/qmldir
DEBUG [FileSystemManager.cpp:134] request path :/qt/qml/QtQuick/Controls.2.1/qmldir
DEBUG [FileSystemManager.cpp:141] failed to import :/qt/qml/QtQuick/Controls.2.1/qmldir
DEBUG [FileSystemManager.cpp:134] request path :/qt/qml/QtQuick.2.1/Controls/qmldir
DEBUG [FileSystemManager.cpp:141] failed to import :/qt/qml/QtQuick.2.1/Controls/qmldir
DEBUG [FileSystemManager.cpp:134] request path :/qt/qml/QtQuick/Controls.2/qmldir
DEBUG [FileSystemManager.cpp:141] failed to import :/qt/qml/QtQuick/Controls.2/qmldir
DEBUG [FileSystemManager.cpp:134] request path :/qt/qml/QtQuick.2/Controls/qmldir
DEBUG [FileSystemManager.cpp:141] failed to import :/qt/qml/QtQuick.2/Controls/qmldir
DEBUG [FileSystemManager.cpp:134] request path :/qt/qml/QtQuick/Controls/qmldir
DEBUG [FileSystemManager.cpp:141] failed to import :/qt/qml/QtQuick/Controls/qmldir
DEBUG [FileSystemManager.cpp:134] request path :/qtquickcontrols2.conf
DEBUG [FileSystemManager.cpp:134] request path :/qt/qml/QtQuick/Controls/Windows.2.1/qmldir
DEBUG [FileSystemManager.cpp:141] failed to import :/qt/qml/QtQuick/Controls/Windows.2.1/qmldir
DEBUG [FileSystemManager.cpp:134] request path :/qt/qml/QtQuick/Controls.2.1/Windows/qmldir
DEBUG [FileSystemManager.cpp:141] failed to import :/qt/qml/QtQuick/Controls.2.1/Windows/qmldir
DEBUG [FileSystemManager.cpp:134] request path :/qt/qml/QtQuick.2.1/Controls/Windows/qmldir
DEBUG [FileSystemManager.cpp:141] failed to import :/qt/qml/QtQuick.2.1/Controls/Windows/qmldir
DEBUG [FileSystemManager.cpp:134] request path :/qt/qml/QtQuick/Controls/Windows.2/qmldir
DEBUG [FileSystemManager.cpp:141] failed to import :/qt/qml/QtQuick/Controls/Windows.2/qmldir
DEBUG [FileSystemManager.cpp:134] request path :/qt/qml/QtQuick/Controls.2/Windows/qmldir
DEBUG [FileSystemManager.cpp:141] failed to import :/qt/qml/QtQuick/Controls.2/Windows/qmldir
DEBUG [FileSystemManager.cpp:134] request path :/qt/qml/QtQuick.2/Controls/Windows/qmldir
DEBUG [FileSystemManager.cpp:141] failed to import :/qt/qml/QtQuick.2/Controls/Windows/qmldir
DEBUG [FileSystemManager.cpp:134] request path :/qt/qml/QtQuick/Controls/Windows/qmldir
DEBUG [FileSystemManager.cpp:141] failed to import :/qt/qml/QtQuick/Controls/Windows/qmldir
DEBUG [FileSystemManager.cpp:134] request path :/qt/qml/QtQuick/Controls/Basic.2.1/qmldir
DEBUG [FileSystemManager.cpp:141] failed to import :/qt/qml/QtQuick/Controls/Basic.2.1/qmldir
DEBUG [FileSystemManager.cpp:134] request path :/qt/qml/QtQuick/Controls.2.1/Basic/qmldir
DEBUG [FileSystemManager.cpp:141] failed to import :/qt/qml/QtQuick/Controls.2.1/Basic/qmldir
DEBUG [FileSystemManager.cpp:134] request path :/qt/qml/QtQuick.2.1/Controls/Basic/qmldir
DEBUG [FileSystemManager.cpp:141] failed to import :/qt/qml/QtQuick.2.1/Controls/Basic/qmldir
DEBUG [FileSystemManager.cpp:134] request path :/qt/qml/QtQuick/Controls/Basic.2/qmldir
DEBUG [FileSystemManager.cpp:141] failed to import :/qt/qml/QtQuick/Controls/Basic.2/qmldir
DEBUG [FileSystemManager.cpp:134] request path :/qt/qml/QtQuick/Controls.2/Basic/qmldir
DEBUG [FileSystemManager.cpp:141] failed to import :/qt/qml/QtQuick/Controls.2/Basic/qmldir
DEBUG [FileSystemManager.cpp:134] request path :/qt/qml/QtQuick.2/Controls/Basic/qmldir
DEBUG [FileSystemManager.cpp:141] failed to import :/qt/qml/QtQuick.2/Controls/Basic/qmldir
DEBUG [FileSystemManager.cpp:134] request path :/qt/qml/QtQuick/Controls/Basic/qmldir
DEBUG [FileSystemManager.cpp:141] failed to import :/qt/qml/QtQuick/Controls/Basic/qmldir
DEBUG [FileSystemManager.cpp:134] request path :/qt/qml/QtQuick/Controls/impl.2.1/qmldir
DEBUG [FileSystemManager.cpp:141] failed to import :/qt/qml/QtQuick/Controls/impl.2.1/qmldir
DEBUG [FileSystemManager.cpp:134] request path :/qt/qml/QtQuick/Controls.2.1/impl/qmldir
DEBUG [FileSystemManager.cpp:141] failed to import :/qt/qml/QtQuick/Controls.2.1/impl/qmldir
DEBUG [FileSystemManager.cpp:134] request path :/qt/qml/QtQuick.2.1/Controls/impl/qmldir
DEBUG [FileSystemManager.cpp:141] failed to import :/qt/qml/QtQuick.2.1/Controls/impl/qmldir
DEBUG [FileSystemManager.cpp:134] request path :/qt/qml/QtQuick/Controls/impl.2/qmldir
DEBUG [FileSystemManager.cpp:141] failed to import :/qt/qml/QtQuick/Controls/impl.2/qmldir
DEBUG [FileSystemManager.cpp:134] request path :/qt/qml/QtQuick/Controls.2/impl/qmldir
DEBUG [FileSystemManager.cpp:141] failed to import :/qt/qml/QtQuick/Controls.2/impl/qmldir
DEBUG [FileSystemManager.cpp:134] request path :/qt/qml/QtQuick.2/Controls/impl/qmldir
DEBUG [FileSystemManager.cpp:141] failed to import :/qt/qml/QtQuick.2/Controls/impl/qmldir
DEBUG [FileSystemManager.cpp:134] request path :/qt/qml/QtQuick/Controls/impl/qmldir
DEBUG [FileSystemManager.cpp:141] failed to import :/qt/qml/QtQuick/Controls/impl/qmldir
DEBUG [FileSystemManager.cpp:134] request path :/qt/qml/QtQuick/Controls/Fusion.2.1/qmldir
DEBUG [FileSystemManager.cpp:141] failed to import :/qt/qml/QtQuick/Controls/Fusion.2.1/qmldir
DEBUG [FileSystemManager.cpp:134] request path :/qt/qml/QtQuick/Controls.2.1/Fusion/qmldir
DEBUG [FileSystemManager.cpp:141] failed to import :/qt/qml/QtQuick/Controls.2.1/Fusion/qmldir
DEBUG [FileSystemManager.cpp:134] request path :/qt/qml/QtQuick.2.1/Controls/Fusion/qmldir
DEBUG [FileSystemManager.cpp:141] failed to import :/qt/qml/QtQuick.2.1/Controls/Fusion/qmldir
DEBUG [FileSystemManager.cpp:134] request path :/qt/qml/QtQuick/Controls/Fusion.2/qmldir
DEBUG [FileSystemManager.cpp:141] failed to import :/qt/qml/QtQuick/Controls/Fusion.2/qmldir
DEBUG [FileSystemManager.cpp:134] request path :/qt/qml/QtQuick/Controls.2/Fusion/qmldir
DEBUG [FileSystemManager.cpp:141] failed to import :/qt/qml/QtQuick/Controls.2/Fusion/qmldir
DEBUG [FileSystemManager.cpp:134] request path :/qt/qml/QtQuick.2/Controls/Fusion/qmldir
DEBUG [FileSystemManager.cpp:141] failed to import :/qt/qml/QtQuick.2/Controls/Fusion/qmldir
DEBUG [FileSystemManager.cpp:134] request path :/qt/qml/QtQuick/Controls/Fusion/qmldir
DEBUG [FileSystemManager.cpp:141] failed to import :/qt/qml/QtQuick/Controls/Fusion/qmldir
DEBUG [FileSystemManager.cpp:134] request path :/qmljs.js
DEBUG [FileSystemManager.cpp:141] failed to import :/qmljs.js
DEBUG [FileSystemManager.cpp:134] request path :/+Windows
DEBUG [FileSystemManager.cpp:134] request path :/qmldir
DEBUG [FileSystemManager.cpp:141] failed to import :/qmldir
DEBUG [FileSystemManager.cpp:134] request path :/qt/qml/QtQml.6.7/qmldir
DEBUG [FileSystemManager.cpp:141] failed to import :/qt/qml/QtQml.6.7/qmldir
DEBUG [FileSystemManager.cpp:134] request path :/qt/qml/QtQml.6/qmldir
DEBUG [FileSystemManager.cpp:141] failed to import :/qt/qml/QtQml.6/qmldir
DEBUG [FileSystemManager.cpp:134] request path :/qt/qml/QtQml/Base.6.7/qmldir
DEBUG [FileSystemManager.cpp:141] failed to import :/qt/qml/QtQml/Base.6.7/qmldir
DEBUG [FileSystemManager.cpp:134] request path :/qt/qml/QtQml.6.7/Base/qmldir
DEBUG [FileSystemManager.cpp:141] failed to import :/qt/qml/QtQml.6.7/Base/qmldir
DEBUG [FileSystemManager.cpp:134] request path :/qt/qml/QtQml/Base.6/qmldir
DEBUG [FileSystemManager.cpp:141] failed to import :/qt/qml/QtQml/Base.6/qmldir
DEBUG [FileSystemManager.cpp:134] request path :/qt/qml/QtQml.6/Base/qmldir
DEBUG [FileSystemManager.cpp:141] failed to import :/qt/qml/QtQml.6/Base/qmldir
DEBUG [FileSystemManager.cpp:134] request path :/qt/qml/QtQml/Models.6.7/qmldir
DEBUG [FileSystemManager.cpp:141] failed to import :/qt/qml/QtQml/Models.6.7/qmldir
DEBUG [FileSystemManager.cpp:134] request path :/qt/qml/QtQml.6.7/Models/qmldir
DEBUG [FileSystemManager.cpp:141] failed to import :/qt/qml/QtQml.6.7/Models/qmldir
DEBUG [FileSystemManager.cpp:134] request path :/qt/qml/QtQml/Models.6/qmldir
DEBUG [FileSystemManager.cpp:141] failed to import :/qt/qml/QtQml/Models.6/qmldir
DEBUG [FileSystemManager.cpp:134] request path :/qt/qml/QtQml.6/Models/qmldir
DEBUG [FileSystemManager.cpp:141] failed to import :/qt/qml/QtQml.6/Models/qmldir
DEBUG [FileSystemManager.cpp:134] request path :/qt/qml/QtQml/WorkerScript.6.7/qmldir
DEBUG [FileSystemManager.cpp:141] failed to import :/qt/qml/QtQml/WorkerScript.6.7/qmldir
DEBUG [FileSystemManager.cpp:134] request path :/qt/qml/QtQml.6.7/WorkerScript/qmldir
DEBUG [FileSystemManager.cpp:141] failed to import :/qt/qml/QtQml.6.7/WorkerScript/qmldir
DEBUG [FileSystemManager.cpp:134] request path :/qt/qml/QtQml/WorkerScript.6/qmldir
DEBUG [FileSystemManager.cpp:141] failed to import :/qt/qml/QtQml/WorkerScript.6/qmldir
DEBUG [FileSystemManager.cpp:134] request path :/qt/qml/QtQml.6/WorkerScript/qmldir
DEBUG [FileSystemManager.cpp:141] failed to import :/qt/qml/QtQml.6/WorkerScript/qmldir
DEBUG [FileSystemManager.cpp:134] request path :/qt/qml/QtQuick/NativeStyle/qmldir
DEBUG [FileSystemManager.cpp:141] failed to import :/qt/qml/QtQuick/NativeStyle/qmldir
DEBUG [FileSystemManager.cpp:134] request path :/qt/qml/QtQuick/Controls/impl.6.7/qmldir
DEBUG [FileSystemManager.cpp:141] failed to import :/qt/qml/QtQuick/Controls/impl.6.7/qmldir
DEBUG [FileSystemManager.cpp:134] request path :/qt/qml/QtQuick/Controls.6.7/impl/qmldir
DEBUG [FileSystemManager.cpp:141] failed to import :/qt/qml/QtQuick/Controls.6.7/impl/qmldir
DEBUG [FileSystemManager.cpp:134] request path :/qt/qml/QtQuick.6.7/Controls/impl/qmldir
DEBUG [FileSystemManager.cpp:141] failed to import :/qt/qml/QtQuick.6.7/Controls/impl/qmldir
DEBUG [FileSystemManager.cpp:134] request path :/qt/qml/QtQuick/Controls/impl.6/qmldir
DEBUG [FileSystemManager.cpp:141] failed to import :/qt/qml/QtQuick/Controls/impl.6/qmldir
DEBUG [FileSystemManager.cpp:134] request path :/qt/qml/QtQuick/Controls.6/impl/qmldir
DEBUG [FileSystemManager.cpp:141] failed to import :/qt/qml/QtQuick/Controls.6/impl/qmldir
DEBUG [FileSystemManager.cpp:134] request path :/qt/qml/QtQuick.6/Controls/impl/qmldir
DEBUG [FileSystemManager.cpp:141] failed to import :/qt/qml/QtQuick.6/Controls/impl/qmldir
DEBUG [FileSystemManager.cpp:134] request path :/qt/qml/QtQuick/Controls/Basic.6.7/qmldir
DEBUG [FileSystemManager.cpp:141] failed to import :/qt/qml/QtQuick/Controls/Basic.6.7/qmldir
DEBUG [FileSystemManager.cpp:134] request path :/qt/qml/QtQuick/Controls.6.7/Basic/qmldir
DEBUG [FileSystemManager.cpp:141] failed to import :/qt/qml/QtQuick/Controls.6.7/Basic/qmldir
DEBUG [FileSystemManager.cpp:134] request path :/qt/qml/QtQuick.6.7/Controls/Basic/qmldir
DEBUG [FileSystemManager.cpp:141] failed to import :/qt/qml/QtQuick.6.7/Controls/Basic/qmldir
DEBUG [FileSystemManager.cpp:134] request path :/qt/qml/QtQuick/Controls/Basic.6/qmldir
DEBUG [FileSystemManager.cpp:141] failed to import :/qt/qml/QtQuick/Controls/Basic.6/qmldir
DEBUG [FileSystemManager.cpp:134] request path :/qt/qml/QtQuick/Controls.6/Basic/qmldir
DEBUG [FileSystemManager.cpp:141] failed to import :/qt/qml/QtQuick/Controls.6/Basic/qmldir
DEBUG [FileSystemManager.cpp:134] request path :/qt/qml/QtQuick.6/Controls/Basic/qmldir
DEBUG [FileSystemManager.cpp:141] failed to import :/qt/qml/QtQuick.6/Controls/Basic/qmldir
DEBUG [FileSystemManager.cpp:134] request path :/qt/qml/QtQuick/Templates/qmldir
DEBUG [FileSystemManager.cpp:141] failed to import :/qt/qml/QtQuick/Templates/qmldir
DEBUG [FileSystemManager.cpp:134] request path :/qt/qml/QtQuick/Controls/Windows.6.7/qmldir
DEBUG [FileSystemManager.cpp:141] failed to import :/qt/qml/QtQuick/Controls/Windows.6.7/qmldir
DEBUG [FileSystemManager.cpp:134] request path :/qt/qml/QtQuick/Controls.6.7/Windows/qmldir
DEBUG [FileSystemManager.cpp:141] failed to import :/qt/qml/QtQuick/Controls.6.7/Windows/qmldir
DEBUG [FileSystemManager.cpp:134] request path :/qt/qml/QtQuick.6.7/Controls/Windows/qmldir
DEBUG [FileSystemManager.cpp:141] failed to import :/qt/qml/QtQuick.6.7/Controls/Windows/qmldir
DEBUG [FileSystemManager.cpp:134] request path :/qt/qml/QtQuick/Controls/Windows.6/qmldir
DEBUG [FileSystemManager.cpp:141] failed to import :/qt/qml/QtQuick/Controls/Windows.6/qmldir
DEBUG [FileSystemManager.cpp:134] request path :/qt/qml/QtQuick/Controls.6/Windows/qmldir
DEBUG [FileSystemManager.cpp:141] failed to import :/qt/qml/QtQuick/Controls.6/Windows/qmldir
DEBUG [FileSystemManager.cpp:134] request path :/qt/qml/QtQuick.6/Controls/Windows/qmldir
DEBUG [FileSystemManager.cpp:141] failed to import :/qt/qml/QtQuick.6/Controls/Windows/qmldir
DEBUG [FileSystemManager.cpp:134] request path :/qt/qml/QtQuick/Controls/Fusion.6.7/qmldir
DEBUG [FileSystemManager.cpp:141] failed to import :/qt/qml/QtQuick/Controls/Fusion.6.7/qmldir
DEBUG [FileSystemManager.cpp:134] request path :/qt/qml/QtQuick/Controls.6.7/Fusion/qmldir
DEBUG [FileSystemManager.cpp:141] failed to import :/qt/qml/QtQuick/Controls.6.7/Fusion/qmldir
DEBUG [FileSystemManager.cpp:134] request path :/qt/qml/QtQuick.6.7/Controls/Fusion/qmldir
DEBUG [FileSystemManager.cpp:141] failed to import :/qt/qml/QtQuick.6.7/Controls/Fusion/qmldir
DEBUG [FileSystemManager.cpp:134] request path :/qt/qml/QtQuick/Controls/Fusion.6/qmldir
DEBUG [FileSystemManager.cpp:141] failed to import :/qt/qml/QtQuick/Controls/Fusion.6/qmldir
DEBUG [FileSystemManager.cpp:134] request path :/qt/qml/QtQuick/Controls.6/Fusion/qmldir
DEBUG [FileSystemManager.cpp:141] failed to import :/qt/qml/QtQuick/Controls.6/Fusion/qmldir
DEBUG [FileSystemManager.cpp:134] request path :/qt/qml/QtQuick.6/Controls/Fusion/qmldir
DEBUG [FileSystemManager.cpp:141] failed to import :/qt/qml/QtQuick.6/Controls/Fusion/qmldir
DEBUG [FileSystemManager.cpp:134] request path :/Test.qml
DEBUG [FileSystemManager.cpp:141] failed to import :/Test.qml
DEBUG [FileSystemManager.cpp:246] file change : E:/workspace/qml/qml/src/Test.qml
DEBUG [FileSystemManager.cpp:134] request path E:/workspace/qml/qml/src/+Windows
DEBUG [FileSystemManager.cpp:134] request path E:/workspace/qml/qml/src/+en_US
DEBUG [FileSystemManager.cpp:134] request path E:/workspace/qml/qml/src/+windows
DEBUG [FileSystemManager.cpp:134] request path E:/workspace/qml/qml/src/+winnt
DEBUG [FileSystemManager.cpp:134] request path E:/workspace/qml/qml/src
DEBUG [FileSystemManager.cpp:171] Successfully import E:/workspace/qml/qml/src
DEBUG [FileSystemManager.cpp:134] request path E:/workspace/qml/qml/src/qmldir
DEBUG [FileSystemManager.cpp:161] Successfully import E:/workspace/qml/qml/src/qmldir
DEBUG [FileSystemManager.cpp:246] file change : E:/workspace/qml/qml/src/Test.qml
DEBUG [FileSystemManager.cpp:246] file change : E:/workspace/qml/qml/src/Test.qml
DEBUG [FileSystemManager.cpp:246] file change : E:/workspace/qml/qml/src/main.qml
DEBUG [FileSystemManager.cpp:134] request path E:/workspace/qml/qml
DEBUG [FileSystemManager.cpp:134] request path E:/workspace/qml/qml
DEBUG [previewTool.cpp:106] connect closed
DEBUG [mian.cpp:88] sub process crash.
DEBUG [mian.cpp:83] sub process is closed.
DEBUG [previewTool.cpp:106] connect closed
DEBUG [mian.cpp:88] sub process crash.
DEBUG [mian.cpp:83] sub process is closed.
